Build started 12.12.2017 15:51:47.
     1>Project "D:\vut\3\IPA\ipa_game_2017\IPA_zajic_trubka\IPA\Student_DLL2\Student_DLL2.vcxproj" on node 3 (Build target(s)).
     1>_NASM:
         Assembling [Inputs]...
         cmd.exe /C "C:\Users\trubk\AppData\Local\Temp\tmpb10bf64767be4a0993b43ceac152de4d.cmd"
         nasm -o x64\Debug\xtrubk00.obj -fwin    xtrubk00.s
       ClCompile:
         A:\VisualStudio\VC\bin\x86_amd64\CL.exe /c /ZI /nologo /W3 /WX- /sdl /Od /D _MBCS /Gm /EHsc /RTC1 /MDd /GS /fp:precise /Zc:wchar_t /Zc:forScope /Zc:inline /Fo"x64\Debug\\" /Fd"x64\Debug\vc140.pdb" /Gd /TP /errorReport:prompt xtrubk00_other.cpp
         xtrubk00_other.cpp
     1>d:\vut\3\ipa\ipa_game_2017\ipa_zajic_trubka\ipa\student_dll2\xtrubk00_other.cpp(15): fatal error C1083: Cannot open include file: 'SDL.h': No such file or directory
     1>Done Building Project "D:\vut\3\IPA\ipa_game_2017\IPA_zajic_trubka\IPA\Student_DLL2\Student_DLL2.vcxproj" (Build target(s)) -- FAILED.

Build FAILED.

Time Elapsed 00:00:01.20
